d:\sub01festival\restanta2022\x64\debug\vc142.pdb
d:\sub01festival\restanta2022\x64\debug\vc142.idb
d:\sub01festival\restanta2022\x64\debug\iinstrument.obj
d:\sub01festival\restanta2022\x64\debug\ctrompeta.obj
d:\sub01festival\restanta2022\x64\debug\cprogrammuzical.obj
d:\sub01festival\restanta2022\x64\debug\cpian.obj
d:\sub01festival\restanta2022\x64\debug\cformatiemclasica.obj
d:\sub01festival\restanta2022\x64\debug\cformatie.obj
d:\sub01festival\restanta2022\x64\debug\cchitara.obj
d:\sub01festival\restanta2022\x64\debug\ccantec.obj
d:\sub01festival\restanta2022\x64\debug\source.obj
d:\sub01festival\restanta2022\x64\debug\cvioara.obj
d:\sub01festival\restanta2022\x64\debug\capp.obj
d:\sub01festival\x64\debug\restanta2022.exe
d:\sub01festival\restanta2022\x64\debug\restanta2022.ilk
d:\sub01festival\x64\debug\restanta2022.pdb
d:\sub01festival\restanta2022\x64\debug\restanta2022.tlog\cl.command.1.tlog
d:\sub01festival\restanta2022\x64\debug\restanta2022.tlog\cl.read.1.tlog
d:\sub01festival\restanta2022\x64\debug\restanta2022.tlog\cl.write.1.tlog
d:\sub01festival\restanta2022\x64\debug\restanta2022.tlog\link.command.1.tlog
d:\sub01festival\restanta2022\x64\debug\restanta2022.tlog\link.read.1.tlog
d:\sub01festival\restanta2022\x64\debug\restanta2022.tlog\link.write.1.tlog
