d:\sub01festival\recenatm2\recenatm2\recenatm2\debug\vc142.pdb
d:\sub01festival\recenatm2\recenatm2\recenatm2\debug\vc142.idb
d:\sub01festival\recenatm2\recenatm2\recenatm2\debug\recenzor.obj
d:\sub01festival\recenatm2\recenatm2\recenatm2\debug\recenatm2.obj
d:\sub01festival\recenatm2\recenatm2\recenatm2\debug\recenapp.obj
d:\sub01festival\recenatm2\recenatm2\recenatm2\debug\user.obj
d:\sub01festival\recenatm2\recenatm2\recenatm2\debug\locuitor.obj
d:\sub01festival\recenatm2\recenatm2\recenatm2\debug\controlor.obj
d:\sub01festival\recenatm2\recenatm2\recenatm2\debug\agent.obj
d:\sub01festival\recenatm2\recenatm2\recenatm2\debug\id.obj
d:\sub01festival\recenatm2\recenatm2\debug\recenatm2.exe
d:\sub01festival\recenatm2\recenatm2\recenatm2\debug\recenatm2.ilk
d:\sub01festival\recenatm2\recenatm2\debug\recenatm2.pdb
d:\sub01festival\recenatm2\recenatm2\recenatm2\debug\iuser.obj
d:\sub01festival\recenatm2\recenatm2\recenatm2\debug\recenatm2.tlog\cl.command.1.tlog
d:\sub01festival\recenatm2\recenatm2\recenatm2\debug\recenatm2.tlog\cl.read.1.tlog
d:\sub01festival\recenatm2\recenatm2\recenatm2\debug\recenatm2.tlog\cl.write.1.tlog
d:\sub01festival\recenatm2\recenatm2\recenatm2\debug\recenatm2.tlog\link.command.1.tlog
d:\sub01festival\recenatm2\recenatm2\recenatm2\debug\recenatm2.tlog\link.read.1.tlog
d:\sub01festival\recenatm2\recenatm2\recenatm2\debug\recenatm2.tlog\link.write.1.tlog
