d:\sub01festival\recenatm\recenatm\debug\vc142.pdb
d:\sub01festival\recenatm\recenatm\debug\vc142.idb
d:\sub01festival\recenatm\recenatm\debug\source.obj
d:\sub01festival\recenatm\recenatm\debug\recenzor.obj
d:\sub01festival\recenatm\recenatm\debug\recenapp.obj
d:\sub01festival\recenatm\recenatm\debug\locuitor.obj
d:\sub01festival\recenatm\recenatm\debug\iutilizator.obj
d:\sub01festival\recenatm\recenatm\debug\id.obj
d:\sub01festival\recenatm\recenatm\debug\formularrecenzare.obj
d:\sub01festival\recenatm\recenatm\debug\formularcentralizator.obj
d:\sub01festival\recenatm\recenatm\debug\formular.obj
d:\sub01festival\recenatm\recenatm\debug\controlor.obj
d:\sub01festival\recenatm\recenatm\debug\agent.obj
d:\sub01festival\recenatm\recenatm\debug\administrator.obj
d:\sub01festival\recenatm\recenatm\debug\adeverintarecenzare.obj
d:\sub01festival\recenatm\recenatm\debug\adeverintaraport.obj
d:\sub01festival\recenatm\recenatm\debug\adeverinta.obj
d:\sub01festival\recenatm\debug\recenatm.exe
d:\sub01festival\recenatm\recenatm\debug\recenatm.ilk
d:\sub01festival\recenatm\debug\recenatm.pdb
d:\sub01festival\recenatm\recenatm\debug\recenatm.tlog\cl.command.1.tlog
d:\sub01festival\recenatm\recenatm\debug\recenatm.tlog\cl.read.1.tlog
d:\sub01festival\recenatm\recenatm\debug\recenatm.tlog\cl.write.1.tlog
d:\sub01festival\recenatm\recenatm\debug\recenatm.tlog\link.command.1.tlog
d:\sub01festival\recenatm\recenatm\debug\recenatm.tlog\link.read.1.tlog
d:\sub01festival\recenatm\recenatm\debug\recenatm.tlog\link.write.1.tlog
